<?xml version="1.0" encoding="UTF-8"?>
<!-- Generated by org.testng.reporters.JUnitXMLReporter -->
<testsuite hostname="R9024795" ignored="0" name="Command line test" tests="3" failures="2" timestamp="17 Apr 2017 18:02:17 GMT" time="134.726" errors="0">
  <testcase name="login" time="14.114" classname="StewartSeedTestCase1.mainTestCase"/>
  <testcase name="navigatingTabs" time="82.955" classname="StewartSeedTestCase1.mainTestCase">
    <failure type="org.openqa.selenium.WebDriverException" message="unknown error: Element &amp;lt;a href=&amp;quot;https://eservices-t.stewartseeds.com:443/irj/portal/stewartseeds?NavigationTarget=navurl://851fe6001fb7550d4434823a67846890&amp;amp;amp;InitialNodeFirstLevel=true&amp;quot; target=&amp;quot;_top&amp;quot; class=&amp;quot;unChosenOnLevel1&amp;quot;&amp;gt;...&amp;lt;/a&amp;gt; is not clickable at point (372, 62). Other element would receive the click: &amp;lt;div id=&amp;quot;gdam_TableCloth&amp;quot; style=&amp;quot;top: 0px; left: 0px; height: 980px; width: 100%; overflow: hidden; display: block; opacity: 0;&amp;quot;&amp;gt;...&amp;lt;/div&amp;gt;
  (Session info: chrome=54.0.2840.59)
  (Driver info: chromedriver=2.27.440174 (e97a722caafc2d3a8b807ee115bfb307f7d2cfd9),platform=Windows NT 6.1.7601 SP1 x86_64) (WARNING: The server did not provide any stacktrace information)
Command duration or timeout: 914 milliseconds
Build info: version: &amp;apos;3.2.0&amp;apos;, revision: &amp;apos;8c03df6b79&amp;apos;, time: &amp;apos;2017-02-23 10:51:31 +0000&amp;apos;
System info: host: &amp;apos;R9024795&amp;apos;, ip: &amp;apos;10.30.174.137&amp;apos;, os.name: &amp;apos;Windows 7&amp;apos;, os.arch: &amp;apos;amd64&amp;apos;, os.version: &amp;apos;6.1&amp;apos;, java.version: &amp;apos;1.8.0_121&amp;apos;
Driver info: org.openqa.selenium.chrome.ChromeDriver
Capabilities [{applicationCacheEnabled=false, rotatable=false, mobileEmulationEnabled=false, networkConnectionEnabled=false, chrome={chromedriverVersion=2.27.440174 (e97a722caafc2d3a8b807ee115bfb307f7d2cfd9), userDataDir=C:\Users\ptula\AppData\Local\Temp\scoped_dir14396_24888}, takesHeapSnapshot=true, pageLoadStrategy=normal, databaseEnabled=false, handlesAlerts=true, hasTouchScreen=false, version=54.0.2840.59, platform=XP, browserConnectionEnabled=false, nativeEvents=true, acceptSslCerts=true, locationContextEnabled=true, webStorageEnabled=true, browserName=chrome, takesScreenshot=true, javascriptEnabled=true, cssSelectorsEnabled=true, unexpectedAlertBehaviour=}]
Session ID: 4e628dd8d3ce843d913a139f54539b3d">
      <![CDATA[org.openqa.selenium.WebDriverException: unknown error: Element <a href="https://eservices-t.stewartseeds.com:443/irj/portal/stewartseeds?NavigationTarget=navurl://851fe6001fb7550d4434823a67846890&amp;InitialNodeFirstLevel=true" target="_top" class="unChosenOnLevel1">...</a> is not clickable at point (372, 62). Other element would receive the click: <div id="gdam_TableCloth" style="top: 0px; left: 0px; height: 980px; width: 100%; overflow: hidden; display: block; opacity: 0;">...</div>
  (Session info: chrome=54.0.2840.59)
  (Driver info: chromedriver=2.27.440174 (e97a722caafc2d3a8b807ee115bfb307f7d2cfd9),platform=Windows NT 6.1.7601 SP1 x86_64) (WARNING: The server did not provide any stacktrace information)
Command duration or timeout: 914 milliseconds
Build info: version: '3.2.0', revision: '8c03df6b79', time: '2017-02-23 10:51:31 +0000'
System info: host: 'R9024795', ip: '10.30.174.137', os.name: 'Windows 7', os.arch: 'amd64', os.version: '6.1', java.version: '1.8.0_121'
Driver info: org.openqa.selenium.chrome.ChromeDriver
Capabilities [{applicationCacheEnabled=false, rotatable=false, mobileEmulationEnabled=false, networkConnectionEnabled=false, chrome={chromedriverVersion=2.27.440174 (e97a722caafc2d3a8b807ee115bfb307f7d2cfd9), userDataDir=C:\Users\ptula\AppData\Local\Temp\scoped_dir14396_24888}, takesHeapSnapshot=true, pageLoadStrategy=normal, databaseEnabled=false, handlesAlerts=true, hasTouchScreen=false, version=54.0.2840.59, platform=XP, browserConnectionEnabled=false, nativeEvents=true, acceptSslCerts=true, locationContextEnabled=true, webStorageEnabled=true, browserName=chrome, takesScreenshot=true, javascriptEnabled=true, cssSelectorsEnabled=true, unexpectedAlertBehaviour=}]
Session ID: 4e628dd8d3ce843d913a139f54539b3d
	at org.openqa.selenium.remote.ErrorHandler.createThrowable(ErrorHandler.java:216)
	at org.openqa.selenium.remote.ErrorHandler.throwIfResponseFailed(ErrorHandler.java:168)
	at org.openqa.selenium.remote.RemoteWebDriver.execute(RemoteWebDriver.java:638)
	at org.openqa.selenium.remote.RemoteWebElement.execute(RemoteWebElement.java:274)
	at org.openqa.selenium.remote.RemoteWebElement.click(RemoteWebElement.java:84)
	at StewartSeedTestCase1.MultipleTabPageFactory.clickOnReportTab(MultipleTabPageFactory.java:170)
	at StewartSeedTestCase1.mainTestCase.navigatingTabs(mainTestCase.java:107)
... Removed 39 stack frames]]>
    </failure>
  </testcase> <!-- navigatingTabs -->
  <testcase name="logoff" time="0.084" classname="StewartSeedTestCase1.mainTestCase">
    <failure type="org.openqa.selenium.WebDriverException" message="unknown error: Element &amp;lt;span ct=&amp;quot;TextView&amp;quot; class=&amp;quot;urTxtStd&amp;quot; style=&amp;quot;white-space:nowrap;&amp;quot;&amp;gt;...&amp;lt;/span&amp;gt; is not clickable at point (688, 18). Other element would receive the click: &amp;lt;div id=&amp;quot;gdam_TableCloth&amp;quot; style=&amp;quot;top: 0px; left: 0px; height: 980px; width: 100%; overflow: hidden; display: block; opacity: 0;&amp;quot;&amp;gt;...&amp;lt;/div&amp;gt;
  (Session info: chrome=54.0.2840.59)
  (Driver info: chromedriver=2.27.440174 (e97a722caafc2d3a8b807ee115bfb307f7d2cfd9),platform=Windows NT 6.1.7601 SP1 x86_64) (WARNING: The server did not provide any stacktrace information)
Command duration or timeout: 48 milliseconds
Build info: version: &amp;apos;3.2.0&amp;apos;, revision: &amp;apos;8c03df6b79&amp;apos;, time: &amp;apos;2017-02-23 10:51:31 +0000&amp;apos;
System info: host: &amp;apos;R9024795&amp;apos;, ip: &amp;apos;10.30.174.137&amp;apos;, os.name: &amp;apos;Windows 7&amp;apos;, os.arch: &amp;apos;amd64&amp;apos;, os.version: &amp;apos;6.1&amp;apos;, java.version: &amp;apos;1.8.0_121&amp;apos;
Driver info: org.openqa.selenium.chrome.ChromeDriver
Capabilities [{applicationCacheEnabled=false, rotatable=false, mobileEmulationEnabled=false, networkConnectionEnabled=false, chrome={chromedriverVersion=2.27.440174 (e97a722caafc2d3a8b807ee115bfb307f7d2cfd9), userDataDir=C:\Users\ptula\AppData\Local\Temp\scoped_dir14396_24888}, takesHeapSnapshot=true, pageLoadStrategy=normal, databaseEnabled=false, handlesAlerts=true, hasTouchScreen=false, version=54.0.2840.59, platform=XP, browserConnectionEnabled=false, nativeEvents=true, acceptSslCerts=true, locationContextEnabled=true, webStorageEnabled=true, browserName=chrome, takesScreenshot=true, javascriptEnabled=true, cssSelectorsEnabled=true, unexpectedAlertBehaviour=}]
Session ID: 4e628dd8d3ce843d913a139f54539b3d">
      <![CDATA[org.openqa.selenium.WebDriverException: unknown error: Element <span ct="TextView" class="urTxtStd" style="white-space:nowrap;">...</span> is not clickable at point (688, 18). Other element would receive the click: <div id="gdam_TableCloth" style="top: 0px; left: 0px; height: 980px; width: 100%; overflow: hidden; display: block; opacity: 0;">...</div>
  (Session info: chrome=54.0.2840.59)
  (Driver info: chromedriver=2.27.440174 (e97a722caafc2d3a8b807ee115bfb307f7d2cfd9),platform=Windows NT 6.1.7601 SP1 x86_64) (WARNING: The server did not provide any stacktrace information)
Command duration or timeout: 48 milliseconds
Build info: version: '3.2.0', revision: '8c03df6b79', time: '2017-02-23 10:51:31 +0000'
System info: host: 'R9024795', ip: '10.30.174.137', os.name: 'Windows 7', os.arch: 'amd64', os.version: '6.1', java.version: '1.8.0_121'
Driver info: org.openqa.selenium.chrome.ChromeDriver
Capabilities [{applicationCacheEnabled=false, rotatable=false, mobileEmulationEnabled=false, networkConnectionEnabled=false, chrome={chromedriverVersion=2.27.440174 (e97a722caafc2d3a8b807ee115bfb307f7d2cfd9), userDataDir=C:\Users\ptula\AppData\Local\Temp\scoped_dir14396_24888}, takesHeapSnapshot=true, pageLoadStrategy=normal, databaseEnabled=false, handlesAlerts=true, hasTouchScreen=false, version=54.0.2840.59, platform=XP, browserConnectionEnabled=false, nativeEvents=true, acceptSslCerts=true, locationContextEnabled=true, webStorageEnabled=true, browserName=chrome, takesScreenshot=true, javascriptEnabled=true, cssSelectorsEnabled=true, unexpectedAlertBehaviour=}]
Session ID: 4e628dd8d3ce843d913a139f54539b3d
	at org.openqa.selenium.remote.ErrorHandler.createThrowable(ErrorHandler.java:216)
	at org.openqa.selenium.remote.ErrorHandler.throwIfResponseFailed(ErrorHandler.java:168)
	at org.openqa.selenium.remote.RemoteWebDriver.execute(RemoteWebDriver.java:638)
	at org.openqa.selenium.remote.RemoteWebElement.execute(RemoteWebElement.java:274)
	at org.openqa.selenium.remote.RemoteWebElement.click(RemoteWebElement.java:84)
	at StewartSeedTestCase1.MultipleTabPageFactory.clickOnLogOffButton(MultipleTabPageFactory.java:299)
	at StewartSeedTestCase1.mainTestCase.logoff(mainTestCase.java:142)
... Removed 39 stack frames]]>
    </failure>
  </testcase> <!-- logoff -->
</testsuite> <!-- Command line test -->
